android/app/build/intermediates/manifest_merge_blame_file/debug/manifest-merger-blame-debug-report.txt
1<?xml version="1.0" encoding="utf-8"?>
2<manifest xmlns:android="http://schemas.android.com/apk/res/android"
3    package="com.sbpay"
4    android:versionCode="1"
5    android:versionName="1.0" >
6
7    <uses-sdk
8        android:minSdkVersion="21"
9        android:targetSdkVersion="29" />
10
11    <uses-permission android:name="android.permission.SYSTEM_ALERT_WINDOW" />
11-->src/debug/AndroidManifest.xml:5:5-77
11-->src/debug/AndroidManifest.xml:5:22-75
12    <uses-permission android:name="android.permission.INTERNET" />
12-->src/main/AndroidManifest.xml:4:5-67
12-->src/main/AndroidManifest.xml:4:22-64
13    <uses-permission android:name="android.permission.ACCESS_WIFI_STATE" />
13-->[com.facebook.flipper:flipper:0.75.1] AndroidManifest.xml:16:5-76
13-->[com.facebook.flipper:flipper:0.75.1] AndroidManifest.xml:16:22-73
14    <uses-permission android:name="android.permission.GET_ACCOUNTS" />
14-->[com.browser2app:khenshin:7.5.7] AndroidManifest.xml:9:5-71
14-->[com.browser2app:khenshin:7.5.7] AndroidManifest.xml:9:22-68
15    <uses-permission android:name="android.permission.READ_CONTACTS" />
15-->[com.browser2app:khenshin:7.5.7] AndroidManifest.xml:11:5-72
15-->[com.browser2app:khenshin:7.5.7] AndroidManifest.xml:11:22-69
16    <uses-permission android:name="android.permission.READ_EXTERNAL_STORAGE" />
16-->[com.browser2app:khenshin:7.5.7] AndroidManifest.xml:12:5-80
16-->[com.browser2app:khenshin:7.5.7] AndroidManifest.xml:12:22-77
17    <uses-permission android:name="android.permission.WRITE_EXTERNAL_STORAGE" />
17-->[com.browser2app:khenshin:7.5.7] AndroidManifest.xml:13:5-81
17-->[com.browser2app:khenshin:7.5.7] AndroidManifest.xml:13:22-78
18    <uses-permission android:name="android.permission.ACCESS_NETWORK_STATE" />
18-->[com.browser2app:khenshin:7.5.7] AndroidManifest.xml:14:5-79
18-->[com.browser2app:khenshin:7.5.7] AndroidManifest.xml:14:22-76
19    <uses-permission android:name="android.permission.WAKE_LOCK" />
19-->[com.browser2app:khenshin:7.5.7] AndroidManifest.xml:15:5-68
19-->[com.browser2app:khenshin:7.5.7] AndroidManifest.xml:15:22-65
20    <uses-permission android:name="android.permission.VIBRATE" />
20-->[com.browser2app:khenshin:7.5.7] AndroidManifest.xml:16:5-66
20-->[com.browser2app:khenshin:7.5.7] AndroidManifest.xml:16:22-63
21
22    <uses-permission-sdk-23 android:name="android.permission.USE_FINGERPRINT" />
22-->[com.browser2app:khenshin:7.5.7] AndroidManifest.xml:18:5-81
22-->[com.browser2app:khenshin:7.5.7] AndroidManifest.xml:18:29-78
23
24    <application
24-->src/main/AndroidManifest.xml:6:5-24:19
25        android:name="com.sbpay.MainApplication"
25-->src/main/AndroidManifest.xml:7:7-38
26        android:allowBackup="false"
26-->src/main/AndroidManifest.xml:11:7-34
27        android:appComponentFactory="androidx.core.app.CoreComponentFactory"
27-->[androidx.core:core:1.5.0] AndroidManifest.xml:24:18-86
28        android:debuggable="true"
29        android:hardwareAccelerated="true"
29-->[com.browser2app:khenshin:7.5.7] AndroidManifest.xml:20:18-52
30        android:icon="@mipmap/ic_launcher"
30-->src/main/AndroidManifest.xml:9:7-41
31        android:label="@string/app_name"
31-->src/main/AndroidManifest.xml:8:7-39
32        android:roundIcon="@mipmap/ic_launcher_round"
32-->src/main/AndroidManifest.xml:10:7-52
33        android:theme="@style/AppTheme"
33-->src/main/AndroidManifest.xml:12:7-38
34        android:usesCleartextTraffic="true" >
34-->src/debug/AndroidManifest.xml:8:9-44
35        <activity android:name="com.facebook.react.devsupport.DevSettingsActivity" />
35-->src/debug/AndroidManifest.xml:11:9-86
35-->src/debug/AndroidManifest.xml:11:19-83
36        <activity
36-->src/main/AndroidManifest.xml:13:7-23:18
37            android:name="com.sbpay.MainActivity"
37-->src/main/AndroidManifest.xml:14:9-37
38            android:configChanges="keyboard|keyboardHidden|orientation|screenSize|uiMode"
38-->src/main/AndroidManifest.xml:16:9-86
39            android:label="@string/app_name"
39-->src/main/AndroidManifest.xml:15:9-41
40            android:launchMode="singleTask"
40-->src/main/AndroidManifest.xml:17:9-40
41            android:windowSoftInputMode="adjustResize" >
41-->src/main/AndroidManifest.xml:18:9-51
42            <intent-filter>
42-->src/main/AndroidManifest.xml:19:9-22:25
43                <action android:name="android.intent.action.MAIN" />
43-->src/main/AndroidManifest.xml:20:13-65
43-->src/main/AndroidManifest.xml:20:21-62
44
45                <category android:name="android.intent.category.LAUNCHER" />
45-->src/main/AndroidManifest.xml:21:13-73
45-->src/main/AndroidManifest.xml:21:23-70
46            </intent-filter>
47        </activity>
48        <activity
48-->[com.browser2app:khenshin:7.5.7] AndroidManifest.xml:21:9-23:59
49            android:name="com.browser2app.khenshin.activities.StartPaymentActivity"
49-->[com.browser2app:khenshin:7.5.7] AndroidManifest.xml:22:13-84
50            android:theme="@style/khenshin.translucent" />
50-->[com.browser2app:khenshin:7.5.7] AndroidManifest.xml:23:13-56
51        <activity
51-->[com.browser2app:khenshin:7.5.7] AndroidManifest.xml:24:9-26:47
52            android:name="com.browser2app.khenshin.activities.UpdatePaymentActivity"
52-->[com.browser2app:khenshin:7.5.7] AndroidManifest.xml:25:13-85
53            android:theme="@style/khenshin" />
53-->[com.browser2app:khenshin:7.5.7] AndroidManifest.xml:26:13-44
54        <activity
54-->[com.browser2app:khenshin:7.5.7] AndroidManifest.xml:27:9-29:55
55            android:name="com.browser2app.khenshin.activities.AutomataFormActivity"
55-->[com.browser2app:khenshin:7.5.7] AndroidManifest.xml:28:13-84
56            android:theme="@style/khenshin.browser" />
56-->[com.browser2app:khenshin:7.5.7] AndroidManifest.xml:29:13-52
57        <activity
57-->[com.browser2app:khenshin:7.5.7] AndroidManifest.xml:30:9-32:47
58            android:name="com.browser2app.khenshin.activities.ExitActivity"
58-->[com.browser2app:khenshin:7.5.7] AndroidManifest.xml:31:13-76
59            android:theme="@style/khenshin" />
59-->[com.browser2app:khenshin:7.5.7] AndroidManifest.xml:32:13-44
60        <activity
60-->[pub.devrel:easypermissions:3.0.0] AndroidManifest.xml:12:9-16:66
61            android:name="pub.devrel.easypermissions.AppSettingsDialogHolderActivity"
61-->[pub.devrel:easypermissions:3.0.0] AndroidManifest.xml:13:13-86
62            android:exported="false"
62-->[pub.devrel:easypermissions:3.0.0] AndroidManifest.xml:14:13-37
63            android:label=""
63-->[pub.devrel:easypermissions:3.0.0] AndroidManifest.xml:15:13-29
64            android:theme="@style/EasyPermissions.Transparent" />
64-->[pub.devrel:easypermissions:3.0.0] AndroidManifest.xml:16:13-63
65
66        <provider
66-->[io.coil-kt:coil:0.10.1] AndroidManifest.xml:10:9-13:40
67            android:name="coil.util.CoilContentProvider"
67-->[io.coil-kt:coil:0.10.1] AndroidManifest.xml:11:13-57
68            android:authorities="com.sbpay.coil"
68-->[io.coil-kt:coil:0.10.1] AndroidManifest.xml:12:13-56
69            android:exported="false" />
69-->[io.coil-kt:coil:0.10.1] AndroidManifest.xml:13:13-37
70    </application>
71
72</manifest>